[ 2017-10-03T18:20:46+08:00 ] 127.0.0.1 /zhangkunPHP/index.php/Admin/Email/getCount.html
INFO: [ app_begin ] --START--
INFO: Run Behavior\ReadHtmlCacheBehavior [ RunTime:0.000859s ]
INFO: [ app_begin ] --END-- [ RunTime:0.001429s ]
ERR: 无法加载控制器:Email

[ 2017-10-03T18:20:49+08:00 ] 127.0.0.1 /zhangkunPHP/index.php/Admin/Email/getCount.html
INFO: [ app_begin ] --START--
INFO: Run Behavior\ReadHtmlCacheBehavior [ RunTime:0.001249s ]
INFO: [ app_begin ] --END-- [ RunTime:0.001802s ]
ERR: 无法加载控制器:Email

[ 2017-10-03T18:20:52+08:00 ] 127.0.0.1 /zhangkunPHP/index.php/Admin/Email/getCount.html
INFO: [ app_begin ] --START--
INFO: Run Behavior\ReadHtmlCacheBehavior [ RunTime:0.000632s ]
INFO: [ app_begin ] --END-- [ RunTime:0.001023s ]
ERR: 无法加载控制器:Email

[ 2017-10-03T18:20:55+08:00 ] 127.0.0.1 /zhangkunPHP/index.php/Admin/Email/getCount.html
INFO: [ app_begin ] --START--
INFO: Run Behavior\ReadHtmlCacheBehavior [ RunTime:0.000508s ]
INFO: [ app_begin ] --END-- [ RunTime:0.000850s ]
ERR: 无法加载控制器:Email

[ 2017-10-03T18:20:58+08:00 ] 127.0.0.1 /zhangkunPHP/index.php/Admin/Email/getCount.html
INFO: [ app_begin ] --START--
INFO: Run Behavior\ReadHtmlCacheBehavior [ RunTime:0.000934s ]
INFO: [ app_begin ] --END-- [ RunTime:0.001360s ]
ERR: 无法加载控制器:Email

[ 2017-10-03T18:21:01+08:00 ] 127.0.0.1 /zhangkunPHP/index.php/Admin/Email/getCount.html
INFO: [ app_begin ] --START--
INFO: Run Behavior\ReadHtmlCacheBehavior [ RunTime:0.000479s ]
INFO: [ app_begin ] --END-- [ RunTime:0.000812s ]
ERR: 无法加载控制器:Email

[ 2017-10-03T18:21:04+08:00 ] 127.0.0.1 /zhangkunPHP/index.php/Admin/Email/getCount.html
INFO: [ app_begin ] --START--
INFO: Run Behavior\ReadHtmlCacheBehavior [ RunTime:0.000740s ]
INFO: [ app_begin ] --END-- [ RunTime:0.001318s ]
ERR: 无法加载控制器:Email

[ 2017-10-03T18:21:07+08:00 ] 127.0.0.1 /zhangkunPHP/index.php/Admin/Email/getCount.html
INFO: [ app_begin ] --START--
INFO: Run Behavior\ReadHtmlCacheBehavior [ RunTime:0.000477s ]
INFO: [ app_begin ] --END-- [ RunTime:0.000897s ]
ERR: 无法加载控制器:Email

[ 2017-10-03T18:21:10+08:00 ] 127.0.0.1 /zhangkunPHP/index.php/Admin/Email/getCount.html
INFO: [ app_begin ] --START--
INFO: Run Behavior\ReadHtmlCacheBehavior [ RunTime:0.000519s ]
INFO: [ app_begin ] --END-- [ RunTime:0.000899s ]
ERR: 无法加载控制器:Email

[ 2017-10-03T18:21:13+08:00 ] 127.0.0.1 /zhangkunPHP/index.php/Admin/Email/getCount.html
INFO: [ app_begin ] --START--
INFO: Run Behavior\ReadHtmlCacheBehavior [ RunTime:0.000531s ]
INFO: [ app_begin ] --END-- [ RunTime:0.000878s ]
ERR: 无法加载控制器:Email

[ 2017-10-03T18:21:16+08:00 ] 127.0.0.1 /zhangkunPHP/index.php/Admin/Email/getCount.html
INFO: [ app_begin ] --START--
INFO: Run Behavior\ReadHtmlCacheBehavior [ RunTime:0.000465s ]
INFO: [ app_begin ] --END-- [ RunTime:0.000787s ]
ERR: 无法加载控制器:Email

[ 2017-10-03T18:21:19+08:00 ] 127.0.0.1 /zhangkunPHP/index.php/Admin/Email/getCount.html
INFO: [ app_begin ] --START--
INFO: Run Behavior\ReadHtmlCacheBehavior [ RunTime:0.000509s ]
INFO: [ app_begin ] --END-- [ RunTime:0.000876s ]
ERR: 无法加载控制器:Email

[ 2017-10-03T18:21:22+08:00 ] 127.0.0.1 /zhangkunPHP/index.php/Admin/Email/getCount.html
INFO: [ app_begin ] --START--
INFO: Run Behavior\ReadHtmlCacheBehavior [ RunTime:0.000483s ]
INFO: [ app_begin ] --END-- [ RunTime:0.000805s ]
ERR: 无法加载控制器:Email

[ 2017-10-03T18:21:25+08:00 ] 127.0.0.1 /zhangkunPHP/index.php/Admin/Email/getCount.html
INFO: [ app_begin ] --START--
INFO: Run Behavior\ReadHtmlCacheBehavior [ RunTime:0.000464s ]
INFO: [ app_begin ] --END-- [ RunTime:0.000817s ]
ERR: 无法加载控制器:Email

[ 2017-10-03T18:21:28+08:00 ] 127.0.0.1 /zhangkunPHP/index.php/Admin/Email/getCount.html
INFO: [ app_begin ] --START--
INFO: Run Behavior\ReadHtmlCacheBehavior [ RunTime:0.000745s ]
INFO: [ app_begin ] --END-- [ RunTime:0.001274s ]
ERR: 无法加载控制器:Email

[ 2017-10-03T18:21:31+08:00 ] 127.0.0.1 /zhangkunPHP/index.php/Admin/Email/getCount.html
INFO: [ app_begin ] --START--
INFO: Run Behavior\ReadHtmlCacheBehavior [ RunTime:0.000991s ]
INFO: [ app_begin ] --END-- [ RunTime:0.002263s ]
ERR: 无法加载控制器:Email

[ 2017-10-03T18:21:34+08:00 ] 127.0.0.1 /zhangkunPHP/index.php/Admin/Email/getCount.html
INFO: [ app_begin ] --START--
INFO: Run Behavior\ReadHtmlCacheBehavior [ RunTime:0.000548s ]
INFO: [ app_begin ] --END-- [ RunTime:0.000857s ]
ERR: 无法加载控制器:Email

[ 2017-10-03T18:21:37+08:00 ] 127.0.0.1 /zhangkunPHP/index.php/Admin/Email/getCount.html
INFO: [ app_begin ] --START--
INFO: Run Behavior\ReadHtmlCacheBehavior [ RunTime:0.000658s ]
INFO: [ app_begin ] --END-- [ RunTime:0.001105s ]
ERR: 无法加载控制器:Email

[ 2017-10-03T18:21:40+08:00 ] 127.0.0.1 /zhangkunPHP/index.php/Admin/Email/getCount.html
INFO: [ app_begin ] --START--
INFO: Run Behavior\ReadHtmlCacheBehavior [ RunTime:0.000575s ]
INFO: [ app_begin ] --END-- [ RunTime:0.000968s ]
ERR: 无法加载控制器:Email

[ 2017-10-03T18:21:43+08:00 ] 127.0.0.1 /zhangkunPHP/index.php/Admin/Email/getCount.html
INFO: [ app_begin ] --START--
INFO: Run Behavior\ReadHtmlCacheBehavior [ RunTime:0.000567s ]
INFO: [ app_begin ] --END-- [ RunTime:0.000900s ]
ERR: 无法加载控制器:Email

[ 2017-10-03T18:21:46+08:00 ] 127.0.0.1 /zhangkunPHP/index.php/Admin/Email/getCount.html
INFO: [ app_begin ] --START--
INFO: Run Behavior\ReadHtmlCacheBehavior [ RunTime:0.000494s ]
INFO: [ app_begin ] --END-- [ RunTime:0.000828s ]
ERR: 无法加载控制器:Email

[ 2017-10-03T18:21:49+08:00 ] 127.0.0.1 /zhangkunPHP/index.php/Admin/Email/getCount.html
INFO: [ app_begin ] --START--
INFO: Run Behavior\ReadHtmlCacheBehavior [ RunTime:0.000498s ]
INFO: [ app_begin ] --END-- [ RunTime:0.000825s ]
ERR: 无法加载控制器:Email

[ 2017-10-03T18:21:52+08:00 ] 127.0.0.1 /zhangkunPHP/index.php/Admin/Email/getCount.html
INFO: [ app_begin ] --START--
INFO: Run Behavior\ReadHtmlCacheBehavior [ RunTime:0.000501s ]
INFO: [ app_begin ] --END-- [ RunTime:0.000868s ]
ERR: 无法加载控制器:Email

[ 2017-10-03T18:21:55+08:00 ] 127.0.0.1 /zhangkunPHP/index.php/Admin/Email/getCount.html
INFO: [ app_begin ] --START--
INFO: Run Behavior\ReadHtmlCacheBehavior [ RunTime:0.000560s ]
INFO: [ app_begin ] --END-- [ RunTime:0.000876s ]
ERR: 无法加载控制器:Email

[ 2017-10-03T18:21:58+08:00 ] 127.0.0.1 /zhangkunPHP/index.php/Admin/Email/getCount.html
INFO: [ app_begin ] --START--
INFO: Run Behavior\ReadHtmlCacheBehavior [ RunTime:0.000637s ]
INFO: [ app_begin ] --END-- [ RunTime:0.000975s ]
ERR: 无法加载控制器:Email

[ 2017-10-03T18:22:01+08:00 ] 127.0.0.1 /zhangkunPHP/index.php/Admin/Email/getCount.html
INFO: [ app_begin ] --START--
INFO: Run Behavior\ReadHtmlCacheBehavior [ RunTime:0.000474s ]
INFO: [ app_begin ] --END-- [ RunTime:0.000912s ]
ERR: 无法加载控制器:Email

[ 2017-10-03T18:22:04+08:00 ] 127.0.0.1 /zhangkunPHP/index.php/Admin/Email/getCount.html
INFO: [ app_begin ] --START--
INFO: Run Behavior\ReadHtmlCacheBehavior [ RunTime:0.000635s ]
INFO: [ app_begin ] --END-- [ RunTime:0.001114s ]
ERR: 无法加载控制器:Email

[ 2017-10-03T18:22:07+08:00 ] 127.0.0.1 /zhangkunPHP/index.php/Admin/Email/getCount.html
INFO: [ app_begin ] --START--
INFO: Run Behavior\ReadHtmlCacheBehavior [ RunTime:0.000480s ]
INFO: [ app_begin ] --END-- [ RunTime:0.000802s ]
ERR: 无法加载控制器:Email

[ 2017-10-03T18:22:10+08:00 ] 127.0.0.1 /zhangkunPHP/index.php/Admin/Email/getCount.html
INFO: [ app_begin ] --START--
INFO: Run Behavior\ReadHtmlCacheBehavior [ RunTime:0.000673s ]
INFO: [ app_begin ] --END-- [ RunTime:0.001025s ]
ERR: 无法加载控制器:Email

[ 2017-10-03T18:22:13+08:00 ] 127.0.0.1 /zhangkunPHP/index.php/Admin/Email/getCount.html
INFO: [ app_begin ] --START--
INFO: Run Behavior\ReadHtmlCacheBehavior [ RunTime:0.000557s ]
INFO: [ app_begin ] --END-- [ RunTime:0.000932s ]
ERR: 无法加载控制器:Email

[ 2017-10-03T18:22:16+08:00 ] 127.0.0.1 /zhangkunPHP/index.php/Admin/Email/getCount.html
INFO: [ app_begin ] --START--
INFO: Run Behavior\ReadHtmlCacheBehavior [ RunTime:0.000933s ]
INFO: [ app_begin ] --END-- [ RunTime:0.001634s ]
ERR: 无法加载控制器:Email

[ 2017-10-03T18:22:19+08:00 ] 127.0.0.1 /zhangkunPHP/index.php/Admin/Email/getCount.html
INFO: [ app_begin ] --START--
INFO: Run Behavior\ReadHtmlCacheBehavior [ RunTime:0.000675s ]
INFO: [ app_begin ] --END-- [ RunTime:0.000991s ]
ERR: 无法加载控制器:Email

[ 2017-10-03T18:22:22+08:00 ] 127.0.0.1 /zhangkunPHP/index.php/Admin/Email/getCount.html
INFO: [ app_begin ] --START--
INFO: Run Behavior\ReadHtmlCacheBehavior [ RunTime:0.000583s ]
INFO: [ app_begin ] --END-- [ RunTime:0.000915s ]
ERR: 无法加载控制器:Email

[ 2017-10-03T18:22:25+08:00 ] 127.0.0.1 /zhangkunPHP/index.php/Admin/Email/getCount.html
INFO: [ app_begin ] --START--
INFO: Run Behavior\ReadHtmlCacheBehavior [ RunTime:0.000509s ]
INFO: [ app_begin ] --END-- [ RunTime:0.000835s ]
ERR: 无法加载控制器:Email

[ 2017-10-03T18:22:28+08:00 ] 127.0.0.1 /zhangkunPHP/index.php/Admin/Email/getCount.html
INFO: [ app_begin ] --START--
INFO: Run Behavior\ReadHtmlCacheBehavior [ RunTime:0.000501s ]
INFO: [ app_begin ] --END-- [ RunTime:0.000841s ]
ERR: 无法加载控制器:Email

[ 2017-10-03T18:22:31+08:00 ] 127.0.0.1 /zhangkunPHP/index.php/Admin/Email/getCount.html
INFO: [ app_begin ] --START--
INFO: Run Behavior\ReadHtmlCacheBehavior [ RunTime:0.000514s ]
INFO: [ app_begin ] --END-- [ RunTime:0.000847s ]
ERR: 无法加载控制器:Email

[ 2017-10-03T18:22:34+08:00 ] 127.0.0.1 /zhangkunPHP/index.php/Admin/Email/getCount.html
INFO: [ app_begin ] --START--
INFO: Run Behavior\ReadHtmlCacheBehavior [ RunTime:0.000489s ]
INFO: [ app_begin ] --END-- [ RunTime:0.000840s ]
ERR: 无法加载控制器:Email

[ 2017-10-03T18:22:37+08:00 ] 127.0.0.1 /zhangkunPHP/index.php/Admin/Email/getCount.html
INFO: [ app_begin ] --START--
INFO: Run Behavior\ReadHtmlCacheBehavior [ RunTime:0.000695s ]
INFO: [ app_begin ] --END-- [ RunTime:0.001181s ]
ERR: 无法加载控制器:Email

[ 2017-10-03T18:22:40+08:00 ] 127.0.0.1 /zhangkunPHP/index.php/Admin/Email/getCount.html
INFO: [ app_begin ] --START--
INFO: Run Behavior\ReadHtmlCacheBehavior [ RunTime:0.000715s ]
INFO: [ app_begin ] --END-- [ RunTime:0.001184s ]
ERR: 无法加载控制器:Email

[ 2017-10-03T18:22:43+08:00 ] 127.0.0.1 /zhangkunPHP/index.php/Admin/Email/getCount.html
INFO: [ app_begin ] --START--
INFO: Run Behavior\ReadHtmlCacheBehavior [ RunTime:0.000502s ]
INFO: [ app_begin ] --END-- [ RunTime:0.000849s ]
ERR: 无法加载控制器:Email

[ 2017-10-03T18:22:46+08:00 ] 127.0.0.1 /zhangkunPHP/index.php/Admin/Email/getCount.html
INFO: [ app_begin ] --START--
INFO: Run Behavior\ReadHtmlCacheBehavior [ RunTime:0.000498s ]
INFO: [ app_begin ] --END-- [ RunTime:0.000880s ]
ERR: 无法加载控制器:Email

[ 2017-10-03T18:22:49+08:00 ] 127.0.0.1 /zhangkunPHP/index.php/Admin/Email/getCount.html
INFO: [ app_begin ] --START--
INFO: Run Behavior\ReadHtmlCacheBehavior [ RunTime:0.000910s ]
INFO: [ app_begin ] --END-- [ RunTime:0.001364s ]
ERR: 无法加载控制器:Email

[ 2017-10-03T18:22:52+08:00 ] 127.0.0.1 /zhangkunPHP/index.php/Admin/Email/getCount.html
INFO: [ app_begin ] --START--
INFO: Run Behavior\ReadHtmlCacheBehavior [ RunTime:0.001079s ]
INFO: [ app_begin ] --END-- [ RunTime:0.001915s ]
ERR: 无法加载控制器:Email

[ 2017-10-03T18:22:55+08:00 ] 127.0.0.1 /zhangkunPHP/index.php/Admin/Email/getCount.html
INFO: [ app_begin ] --START--
INFO: Run Behavior\ReadHtmlCacheBehavior [ RunTime:0.000708s ]
INFO: [ app_begin ] --END-- [ RunTime:0.001159s ]
ERR: 无法加载控制器:Email

[ 2017-10-03T18:22:58+08:00 ] 127.0.0.1 /zhangkunPHP/index.php/Admin/Email/getCount.html
INFO: [ app_begin ] --START--
INFO: Run Behavior\ReadHtmlCacheBehavior [ RunTime:0.000511s ]
INFO: [ app_begin ] --END-- [ RunTime:0.000837s ]
ERR: 无法加载控制器:Email

[ 2017-10-03T18:23:01+08:00 ] 127.0.0.1 /zhangkunPHP/index.php/Admin/Email/getCount.html
INFO: [ app_begin ] --START--
INFO: Run Behavior\ReadHtmlCacheBehavior [ RunTime:0.000465s ]
INFO: [ app_begin ] --END-- [ RunTime:0.000777s ]
ERR: 无法加载控制器:Email

[ 2017-10-03T18:23:04+08:00 ] 127.0.0.1 /zhangkunPHP/index.php/Admin/Email/getCount.html
INFO: [ app_begin ] --START--
INFO: Run Behavior\ReadHtmlCacheBehavior [ RunTime:0.000563s ]
INFO: [ app_begin ] --END-- [ RunTime:0.000892s ]
ERR: 无法加载控制器:Email

[ 2017-10-03T18:23:07+08:00 ] 127.0.0.1 /zhangkunPHP/index.php/Admin/Email/getCount.html
INFO: [ app_begin ] --START--
INFO: Run Behavior\ReadHtmlCacheBehavior [ RunTime:0.000721s ]
INFO: [ app_begin ] --END-- [ RunTime:0.001407s ]
ERR: 无法加载控制器:Email

[ 2017-10-03T18:23:10+08:00 ] 127.0.0.1 /zhangkunPHP/index.php/Admin/Email/getCount.html
INFO: [ app_begin ] --START--
INFO: Run Behavior\ReadHtmlCacheBehavior [ RunTime:0.000535s ]
INFO: [ app_begin ] --END-- [ RunTime:0.000848s ]
ERR: 无法加载控制器:Email

[ 2017-10-03T18:23:13+08:00 ] 127.0.0.1 /zhangkunPHP/index.php/Admin/Email/getCount.html
INFO: [ app_begin ] --START--
INFO: Run Behavior\ReadHtmlCacheBehavior [ RunTime:0.000937s ]
INFO: [ app_begin ] --END-- [ RunTime:0.001425s ]
ERR: 无法加载控制器:Email

[ 2017-10-03T18:23:16+08:00 ] 127.0.0.1 /zhangkunPHP/index.php/Admin/Email/getCount.html
INFO: [ app_begin ] --START--
INFO: Run Behavior\ReadHtmlCacheBehavior [ RunTime:0.000575s ]
INFO: [ app_begin ] --END-- [ RunTime:0.000959s ]
ERR: 无法加载控制器:Email

[ 2017-10-03T18:23:19+08:00 ] 127.0.0.1 /zhangkunPHP/index.php/Admin/Email/getCount.html
INFO: [ app_begin ] --START--
INFO: Run Behavior\ReadHtmlCacheBehavior [ RunTime:0.000576s ]
INFO: [ app_begin ] --END-- [ RunTime:0.000889s ]
ERR: 无法加载控制器:Email

[ 2017-10-03T18:23:22+08:00 ] 127.0.0.1 /zhangkunPHP/index.php/Admin/Email/getCount.html
INFO: [ app_begin ] --START--
INFO: Run Behavior\ReadHtmlCacheBehavior [ RunTime:0.000632s ]
INFO: [ app_begin ] --END-- [ RunTime:0.001162s ]
ERR: 无法加载控制器:Email

[ 2017-10-03T18:23:25+08:00 ] 127.0.0.1 /zhangkunPHP/index.php/Admin/Email/getCount.html
INFO: [ app_begin ] --START--
INFO: Run Behavior\ReadHtmlCacheBehavior [ RunTime:0.001299s ]
INFO: [ app_begin ] --END-- [ RunTime:0.001981s ]
ERR: 无法加载控制器:Email

[ 2017-10-03T18:23:28+08:00 ] 127.0.0.1 /zhangkunPHP/index.php/Admin/Email/getCount.html
INFO: [ app_begin ] --START--
INFO: Run Behavior\ReadHtmlCacheBehavior [ RunTime:0.000607s ]
INFO: [ app_begin ] --END-- [ RunTime:0.001083s ]
ERR: 无法加载控制器:Email

[ 2017-10-03T18:23:31+08:00 ] 127.0.0.1 /zhangkunPHP/index.php/Admin/Email/getCount.html
INFO: [ app_begin ] --START--
INFO: Run Behavior\ReadHtmlCacheBehavior [ RunTime:0.000475s ]
INFO: [ app_begin ] --END-- [ RunTime:0.000928s ]
ERR: 无法加载控制器:Email

[ 2017-10-03T18:23:34+08:00 ] 127.0.0.1 /zhangkunPHP/index.php/Admin/Email/getCount.html
INFO: [ app_begin ] --START--
INFO: Run Behavior\ReadHtmlCacheBehavior [ RunTime:0.000514s ]
INFO: [ app_begin ] --END-- [ RunTime:0.000998s ]
ERR: 无法加载控制器:Email

[ 2017-10-03T18:23:37+08:00 ] 127.0.0.1 /zhangkunPHP/index.php/Admin/Email/getCount.html
INFO: [ app_begin ] --START--
INFO: Run Behavior\ReadHtmlCacheBehavior [ RunTime:0.000469s ]
INFO: [ app_begin ] --END-- [ RunTime:0.000782s ]
ERR: 无法加载控制器:Email

[ 2017-10-03T18:23:40+08:00 ] 127.0.0.1 /zhangkunPHP/index.php/Admin/Email/getCount.html
INFO: [ app_begin ] --START--
INFO: Run Behavior\ReadHtmlCacheBehavior [ RunTime:0.000751s ]
INFO: [ app_begin ] --END-- [ RunTime:0.001140s ]
ERR: 无法加载控制器:Email

[ 2017-10-03T18:23:43+08:00 ] 127.0.0.1 /zhangkunPHP/index.php/Admin/Email/getCount.html
INFO: [ app_begin ] --START--
INFO: Run Behavior\ReadHtmlCacheBehavior [ RunTime:0.000536s ]
INFO: [ app_begin ] --END-- [ RunTime:0.001100s ]
ERR: 无法加载控制器:Email

[ 2017-10-03T18:23:46+08:00 ] 127.0.0.1 /zhangkunPHP/index.php/Admin/Email/getCount.html
INFO: [ app_begin ] --START--
INFO: Run Behavior\ReadHtmlCacheBehavior [ RunTime:0.000519s ]
INFO: [ app_begin ] --END-- [ RunTime:0.000873s ]
ERR: 无法加载控制器:Email

[ 2017-10-03T18:23:49+08:00 ] 127.0.0.1 /zhangkunPHP/index.php/Admin/Email/getCount.html
INFO: [ app_begin ] --START--
INFO: Run Behavior\ReadHtmlCacheBehavior [ RunTime:0.000500s ]
INFO: [ app_begin ] --END-- [ RunTime:0.000861s ]
ERR: 无法加载控制器:Email

[ 2017-10-03T18:23:52+08:00 ] 127.0.0.1 /zhangkunPHP/index.php/Admin/Email/getCount.html
INFO: [ app_begin ] --START--
INFO: Run Behavior\ReadHtmlCacheBehavior [ RunTime:0.000526s ]
INFO: [ app_begin ] --END-- [ RunTime:0.000884s ]
ERR: 无法加载控制器:Email

[ 2017-10-03T18:23:55+08:00 ] 127.0.0.1 /zhangkunPHP/index.php/Admin/Email/getCount.html
INFO: [ app_begin ] --START--
INFO: Run Behavior\ReadHtmlCacheBehavior [ RunTime:0.000506s ]
INFO: [ app_begin ] --END-- [ RunTime:0.000914s ]
ERR: 无法加载控制器:Email

[ 2017-10-03T18:23:58+08:00 ] 127.0.0.1 /zhangkunPHP/index.php/Admin/Email/getCount.html
INFO: [ app_begin ] --START--
INFO: Run Behavior\ReadHtmlCacheBehavior [ RunTime:0.000695s ]
INFO: [ app_begin ] --END-- [ RunTime:0.001189s ]
ERR: 无法加载控制器:Email

[ 2017-10-03T18:24:01+08:00 ] 127.0.0.1 /zhangkunPHP/index.php/Admin/Email/getCount.html
INFO: [ app_begin ] --START--
INFO: Run Behavior\ReadHtmlCacheBehavior [ RunTime:0.000703s ]
INFO: [ app_begin ] --END-- [ RunTime:0.001194s ]
ERR: 无法加载控制器:Email

[ 2017-10-03T18:24:04+08:00 ] 127.0.0.1 /zhangkunPHP/index.php/Admin/Email/getCount.html
INFO: [ app_begin ] --START--
INFO: Run Behavior\ReadHtmlCacheBehavior [ RunTime:0.000539s ]
INFO: [ app_begin ] --END-- [ RunTime:0.000850s ]
ERR: 无法加载控制器:Email

[ 2017-10-03T18:24:07+08:00 ] 127.0.0.1 /zhangkunPHP/index.php/Admin/Email/getCount.html
INFO: [ app_begin ] --START--
INFO: Run Behavior\ReadHtmlCacheBehavior [ RunTime:0.000630s ]
INFO: [ app_begin ] --END-- [ RunTime:0.001124s ]
ERR: 无法加载控制器:Email

[ 2017-10-03T18:24:10+08:00 ] 127.0.0.1 /zhangkunPHP/index.php/Admin/Email/getCount.html
INFO: [ app_begin ] --START--
INFO: Run Behavior\ReadHtmlCacheBehavior [ RunTime:0.000470s ]
INFO: [ app_begin ] --END-- [ RunTime:0.000779s ]
ERR: 无法加载控制器:Email

[ 2017-10-03T18:24:13+08:00 ] 127.0.0.1 /zhangkunPHP/index.php/Admin/Email/getCount.html
INFO: [ app_begin ] --START--
INFO: Run Behavior\ReadHtmlCacheBehavior [ RunTime:0.000644s ]
INFO: [ app_begin ] --END-- [ RunTime:0.001126s ]
ERR: 无法加载控制器:Email

[ 2017-10-03T18:24:16+08:00 ] 127.0.0.1 /zhangkunPHP/index.php/Admin/Email/getCount.html
INFO: [ app_begin ] --START--
INFO: Run Behavior\ReadHtmlCacheBehavior [ RunTime:0.000473s ]
INFO: [ app_begin ] --END-- [ RunTime:0.000805s ]
ERR: 无法加载控制器:Email

[ 2017-10-03T18:24:19+08:00 ] 127.0.0.1 /zhangkunPHP/index.php/Admin/Email/getCount.html
INFO: [ app_begin ] --START--
INFO: Run Behavior\ReadHtmlCacheBehavior [ RunTime:0.002333s ]
INFO: [ app_begin ] --END-- [ RunTime:0.003247s ]
ERR: 无法加载控制器:Email

[ 2017-10-03T18:24:22+08:00 ] 127.0.0.1 /zhangkunPHP/index.php/Admin/Email/getCount.html
INFO: [ app_begin ] --START--
INFO: Run Behavior\ReadHtmlCacheBehavior [ RunTime:0.000532s ]
INFO: [ app_begin ] --END-- [ RunTime:0.000935s ]
ERR: 无法加载控制器:Email

[ 2017-10-03T18:24:25+08:00 ] 127.0.0.1 /zhangkunPHP/index.php/Admin/Email/getCount.html
INFO: [ app_begin ] --START--
INFO: Run Behavior\ReadHtmlCacheBehavior [ RunTime:0.000527s ]
INFO: [ app_begin ] --END-- [ RunTime:0.001016s ]
ERR: 无法加载控制器:Email

[ 2017-10-03T18:24:28+08:00 ] 127.0.0.1 /zhangkunPHP/index.php/Admin/Email/getCount.html
INFO: [ app_begin ] --START--
INFO: Run Behavior\ReadHtmlCacheBehavior [ RunTime:0.000527s ]
INFO: [ app_begin ] --END-- [ RunTime:0.000877s ]
ERR: 无法加载控制器:Email

[ 2017-10-03T18:24:31+08:00 ] 127.0.0.1 /zhangkunPHP/index.php/Admin/Email/getCount.html
INFO: [ app_begin ] --START--
INFO: Run Behavior\ReadHtmlCacheBehavior [ RunTime:0.000508s ]
INFO: [ app_begin ] --END-- [ RunTime:0.000868s ]
ERR: 无法加载控制器:Email

[ 2017-10-03T18:24:34+08:00 ] 127.0.0.1 /zhangkunPHP/index.php/Admin/Email/getCount.html
INFO: [ app_begin ] --START--
INFO: Run Behavior\ReadHtmlCacheBehavior [ RunTime:0.000792s ]
INFO: [ app_begin ] --END-- [ RunTime:0.001220s ]
ERR: 无法加载控制器:Email

[ 2017-10-03T18:24:37+08:00 ] 127.0.0.1 /zhangkunPHP/index.php/Admin/Email/getCount.html
INFO: [ app_begin ] --START--
INFO: Run Behavior\ReadHtmlCacheBehavior [ RunTime:0.000523s ]
INFO: [ app_begin ] --END-- [ RunTime:0.000851s ]
ERR: 无法加载控制器:Email

[ 2017-10-03T18:24:40+08:00 ] 127.0.0.1 /zhangkunPHP/index.php/Admin/Email/getCount.html
INFO: [ app_begin ] --START--
INFO: Run Behavior\ReadHtmlCacheBehavior [ RunTime:0.000669s ]
INFO: [ app_begin ] --END-- [ RunTime:0.001113s ]
ERR: 无法加载控制器:Email

[ 2017-10-03T18:24:43+08:00 ] 127.0.0.1 /zhangkunPHP/index.php/Admin/Email/getCount.html
INFO: [ app_begin ] --START--
INFO: Run Behavior\ReadHtmlCacheBehavior [ RunTime:0.000884s ]
INFO: [ app_begin ] --END-- [ RunTime:0.001639s ]
ERR: 无法加载控制器:Email

[ 2017-10-03T18:24:46+08:00 ] 127.0.0.1 /zhangkunPHP/index.php/Admin/Email/getCount.html
INFO: [ app_begin ] --START--
INFO: Run Behavior\ReadHtmlCacheBehavior [ RunTime:0.000829s ]
INFO: [ app_begin ] --END-- [ RunTime:0.001292s ]
ERR: 无法加载控制器:Email

[ 2017-10-03T18:24:49+08:00 ] 127.0.0.1 /zhangkunPHP/index.php/Admin/Email/getCount.html
INFO: [ app_begin ] --START--
INFO: Run Behavior\ReadHtmlCacheBehavior [ RunTime:0.000769s ]
INFO: [ app_begin ] --END-- [ RunTime:0.001297s ]
ERR: 无法加载控制器:Email

[ 2017-10-03T18:24:52+08:00 ] 127.0.0.1 /zhangkunPHP/index.php/Admin/Email/getCount.html
INFO: [ app_begin ] --START--
INFO: Run Behavior\ReadHtmlCacheBehavior [ RunTime:0.000483s ]
INFO: [ app_begin ] --END-- [ RunTime:0.000806s ]
ERR: 无法加载控制器:Email

[ 2017-10-03T18:24:55+08:00 ] 127.0.0.1 /zhangkunPHP/index.php/Admin/Email/getCount.html
INFO: [ app_begin ] --START--
INFO: Run Behavior\ReadHtmlCacheBehavior [ RunTime:0.001357s ]
INFO: [ app_begin ] --END-- [ RunTime:0.001960s ]
ERR: 无法加载控制器:Email

[ 2017-10-03T18:24:58+08:00 ] 127.0.0.1 /zhangkunPHP/index.php/Admin/Email/getCount.html
INFO: [ app_begin ] --START--
INFO: Run Behavior\ReadHtmlCacheBehavior [ RunTime:0.000551s ]
INFO: [ app_begin ] --END-- [ RunTime:0.000925s ]
ERR: 无法加载控制器:Email

[ 2017-10-03T18:25:01+08:00 ] 127.0.0.1 /zhangkunPHP/index.php/Admin/Email/getCount.html
INFO: [ app_begin ] --START--
INFO: Run Behavior\ReadHtmlCacheBehavior [ RunTime:0.000535s ]
INFO: [ app_begin ] --END-- [ RunTime:0.000935s ]
ERR: 无法加载控制器:Email

[ 2017-10-03T18:25:04+08:00 ] 127.0.0.1 /zhangkunPHP/index.php/Admin/Email/getCount.html
INFO: [ app_begin ] --START--
INFO: Run Behavior\ReadHtmlCacheBehavior [ RunTime:0.001002s ]
INFO: [ app_begin ] --END-- [ RunTime:0.001583s ]
ERR: 无法加载控制器:Email

[ 2017-10-03T18:25:07+08:00 ] 127.0.0.1 /zhangkunPHP/index.php/Admin/Email/getCount.html
INFO: [ app_begin ] --START--
INFO: Run Behavior\ReadHtmlCacheBehavior [ RunTime:0.000713s ]
INFO: [ app_begin ] --END-- [ RunTime:0.001347s ]
ERR: 无法加载控制器:Email

[ 2017-10-03T18:25:10+08:00 ] 127.0.0.1 /zhangkunPHP/index.php/Admin/Email/getCount.html
INFO: [ app_begin ] --START--
INFO: Run Behavior\ReadHtmlCacheBehavior [ RunTime:0.000694s ]
INFO: [ app_begin ] --END-- [ RunTime:0.001180s ]
ERR: 无法加载控制器:Email

[ 2017-10-03T18:25:13+08:00 ] 127.0.0.1 /zhangkunPHP/index.php/Admin/Email/getCount.html
INFO: [ app_begin ] --START--
INFO: Run Behavior\ReadHtmlCacheBehavior [ RunTime:0.000747s ]
INFO: [ app_begin ] --END-- [ RunTime:0.001223s ]
ERR: 无法加载控制器:Email

[ 2017-10-03T18:25:16+08:00 ] 127.0.0.1 /zhangkunPHP/index.php/Admin/Email/getCount.html
INFO: [ app_begin ] --START--
INFO: Run Behavior\ReadHtmlCacheBehavior [ RunTime:0.000538s ]
INFO: [ app_begin ] --END-- [ RunTime:0.000915s ]
ERR: 无法加载控制器:Email

[ 2017-10-03T18:25:19+08:00 ] 127.0.0.1 /zhangkunPHP/index.php/Admin/Email/getCount.html
INFO: [ app_begin ] --START--
INFO: Run Behavior\ReadHtmlCacheBehavior [ RunTime:0.000909s ]
INFO: [ app_begin ] --END-- [ RunTime:0.001408s ]
ERR: 无法加载控制器:Email

[ 2017-10-03T18:25:22+08:00 ] 127.0.0.1 /zhangkunPHP/index.php/Admin/Email/getCount.html
INFO: [ app_begin ] --START--
INFO: Run Behavior\ReadHtmlCacheBehavior [ RunTime:0.000555s ]
INFO: [ app_begin ] --END-- [ RunTime:0.001013s ]
ERR: 无法加载控制器:Email

[ 2017-10-03T18:25:25+08:00 ] 127.0.0.1 /zhangkunPHP/index.php/Admin/Email/getCount.html
INFO: [ app_begin ] --START--
INFO: Run Behavior\ReadHtmlCacheBehavior [ RunTime:0.000712s ]
INFO: [ app_begin ] --END-- [ RunTime:0.001159s ]
ERR: 无法加载控制器:Email

[ 2017-10-03T18:25:29+08:00 ] 127.0.0.1 /zhangkunPHP/index.php/Admin/Email/getCount.html
INFO: [ app_begin ] --START--
INFO: Run Behavior\ReadHtmlCacheBehavior [ RunTime:0.000690s ]
INFO: [ app_begin ] --END-- [ RunTime:0.001125s ]
ERR: 无法加载控制器:Email

[ 2017-10-03T18:25:31+08:00 ] 127.0.0.1 /zhangkunPHP/index.php/Admin/Email/getCount.html
INFO: [ app_begin ] --START--
INFO: Run Behavior\ReadHtmlCacheBehavior [ RunTime:0.000597s ]
INFO: [ app_begin ] --END-- [ RunTime:0.001089s ]
ERR: 无法加载控制器:Email

[ 2017-10-03T18:25:34+08:00 ] 127.0.0.1 /zhangkunPHP/index.php/Admin/Email/getCount.html
INFO: [ app_begin ] --START--
INFO: Run Behavior\ReadHtmlCacheBehavior [ RunTime:0.000615s ]
INFO: [ app_begin ] --END-- [ RunTime:0.000989s ]
ERR: 无法加载控制器:Email

[ 2017-10-03T18:25:37+08:00 ] 127.0.0.1 /zhangkunPHP/index.php/Admin/Email/getCount.html
INFO: [ app_begin ] --START--
INFO: Run Behavior\ReadHtmlCacheBehavior [ RunTime:0.000847s ]
INFO: [ app_begin ] --END-- [ RunTime:0.001410s ]
ERR: 无法加载控制器:Email

[ 2017-10-03T18:25:40+08:00 ] 127.0.0.1 /zhangkunPHP/index.php/Admin/Email/getCount.html
INFO: [ app_begin ] --START--
INFO: Run Behavior\ReadHtmlCacheBehavior [ RunTime:0.000575s ]
INFO: [ app_begin ] --END-- [ RunTime:0.000965s ]
ERR: 无法加载控制器:Email

[ 2017-10-03T18:25:43+08:00 ] 127.0.0.1 /zhangkunPHP/index.php/Admin/Email/getCount.html
INFO: [ app_begin ] --START--
INFO: Run Behavior\ReadHtmlCacheBehavior [ RunTime:0.001065s ]
INFO: [ app_begin ] --END-- [ RunTime:0.001663s ]
ERR: 无法加载控制器:Email

[ 2017-10-03T18:25:46+08:00 ] 127.0.0.1 /zhangkunPHP/index.php/Admin/Email/getCount.html
INFO: [ app_begin ] --START--
INFO: Run Behavior\ReadHtmlCacheBehavior [ RunTime:0.000552s ]
INFO: [ app_begin ] --END-- [ RunTime:0.000947s ]
ERR: 无法加载控制器:Email

[ 2017-10-03T18:25:49+08:00 ] 127.0.0.1 /zhangkunPHP/index.php/Admin/Email/getCount.html
INFO: [ app_begin ] --START--
INFO: Run Behavior\ReadHtmlCacheBehavior [ RunTime:0.000476s ]
INFO: [ app_begin ] --END-- [ RunTime:0.000852s ]
ERR: 无法加载控制器:Email

[ 2017-10-03T18:25:53+08:00 ] 127.0.0.1 /zhangkunPHP/index.php/Admin/Email/getCount.html
INFO: [ app_begin ] --START--
INFO: Run Behavior\ReadHtmlCacheBehavior [ RunTime:0.001271s ]
INFO: [ app_begin ] --END-- [ RunTime:0.002191s ]
ERR: 无法加载控制器:Email

[ 2017-10-03T18:25:55+08:00 ] 127.0.0.1 /zhangkunPHP/index.php/Admin/Email/getCount.html
INFO: [ app_begin ] --START--
INFO: Run Behavior\ReadHtmlCacheBehavior [ RunTime:0.000593s ]
INFO: [ app_begin ] --END-- [ RunTime:0.000967s ]
ERR: 无法加载控制器:Email

[ 2017-10-03T18:25:58+08:00 ] 127.0.0.1 /zhangkunPHP/index.php/Admin/Email/getCount.html
INFO: [ app_begin ] --START--
INFO: Run Behavior\ReadHtmlCacheBehavior [ RunTime:0.000527s ]
INFO: [ app_begin ] --END-- [ RunTime:0.000894s ]
ERR: 无法加载控制器:Email

[ 2017-10-03T18:26:02+08:00 ] 127.0.0.1 /zhangkunPHP/index.php/Admin/Email/getCount.html
INFO: [ app_begin ] --START--
INFO: Run Behavior\ReadHtmlCacheBehavior [ RunTime:0.000594s ]
INFO: [ app_begin ] --END-- [ RunTime:0.001019s ]
ERR: 无法加载控制器:Email

[ 2017-10-03T18:26:05+08:00 ] 127.0.0.1 /zhangkunPHP/index.php/Admin/Email/getCount.html
INFO: [ app_begin ] --START--
INFO: Run Behavior\ReadHtmlCacheBehavior [ RunTime:0.000741s ]
INFO: [ app_begin ] --END-- [ RunTime:0.001407s ]
ERR: 无法加载控制器:Email

[ 2017-10-03T18:26:08+08:00 ] 127.0.0.1 /zhangkunPHP/index.php/Admin/Email/getCount.html
INFO: [ app_begin ] --START--
INFO: Run Behavior\ReadHtmlCacheBehavior [ RunTime:0.000606s ]
INFO: [ app_begin ] --END-- [ RunTime:0.000987s ]
ERR: 无法加载控制器:Email

[ 2017-10-03T18:26:11+08:00 ] 127.0.0.1 /zhangkunPHP/index.php/Admin/Email/getCount.html
INFO: [ app_begin ] --START--
INFO: Run Behavior\ReadHtmlCacheBehavior [ RunTime:0.000769s ]
INFO: [ app_begin ] --END-- [ RunTime:0.001348s ]
ERR: 无法加载控制器:Email

[ 2017-10-03T18:26:14+08:00 ] 127.0.0.1 /zhangkunPHP/index.php/Admin/Email/getCount.html
INFO: [ app_begin ] --START--
INFO: Run Behavior\ReadHtmlCacheBehavior [ RunTime:0.000644s ]
INFO: [ app_begin ] --END-- [ RunTime:0.001088s ]
ERR: 无法加载控制器:Email

[ 2017-10-03T18:26:17+08:00 ] 127.0.0.1 /zhangkunPHP/index.php/Admin/Email/getCount.html
INFO: [ app_begin ] --START--
INFO: Run Behavior\ReadHtmlCacheBehavior [ RunTime:0.000773s ]
INFO: [ app_begin ] --END-- [ RunTime:0.001230s ]
ERR: 无法加载控制器:Email

[ 2017-10-03T18:26:20+08:00 ] 127.0.0.1 /zhangkunPHP/index.php/Admin/Email/getCount.html
INFO: [ app_begin ] --START--
INFO: Run Behavior\ReadHtmlCacheBehavior [ RunTime:0.000483s ]
INFO: [ app_begin ] --END-- [ RunTime:0.000815s ]
ERR: 无法加载控制器:Email

[ 2017-10-03T18:26:23+08:00 ] 127.0.0.1 /zhangkunPHP/index.php/Admin/Email/getCount.html
INFO: [ app_begin ] --START--
INFO: Run Behavior\ReadHtmlCacheBehavior [ RunTime:0.000700s ]
INFO: [ app_begin ] --END-- [ RunTime:0.001150s ]
ERR: 无法加载控制器:Email

[ 2017-10-03T18:26:26+08:00 ] 127.0.0.1 /zhangkunPHP/index.php/Admin/Email/getCount.html
INFO: [ app_begin ] --START--
INFO: Run Behavior\ReadHtmlCacheBehavior [ RunTime:0.001928s ]
INFO: [ app_begin ] --END-- [ RunTime:0.003143s ]
ERR: 无法加载控制器:Email

[ 2017-10-03T18:26:29+08:00 ] 127.0.0.1 /zhangkunPHP/index.php/Admin/Email/getCount.html
INFO: [ app_begin ] --START--
INFO: Run Behavior\ReadHtmlCacheBehavior [ RunTime:0.000856s ]
INFO: [ app_begin ] --END-- [ RunTime:0.001351s ]
ERR: 无法加载控制器:Email

[ 2017-10-03T18:26:32+08:00 ] 127.0.0.1 /zhangkunPHP/index.php/Admin/Email/getCount.html
INFO: [ app_begin ] --START--
INFO: Run Behavior\ReadHtmlCacheBehavior [ RunTime:0.000956s ]
INFO: [ app_begin ] --END-- [ RunTime:0.001659s ]
ERR: 无法加载控制器:Email

[ 2017-10-03T18:26:35+08:00 ] 127.0.0.1 /zhangkunPHP/index.php/Admin/Email/getCount.html
INFO: [ app_begin ] --START--
INFO: Run Behavior\ReadHtmlCacheBehavior [ RunTime:0.000728s ]
INFO: [ app_begin ] --END-- [ RunTime:0.001182s ]
ERR: 无法加载控制器:Email

[ 2017-10-03T18:26:38+08:00 ] 127.0.0.1 /zhangkunPHP/index.php/Admin/Email/getCount.html
INFO: [ app_begin ] --START--
INFO: Run Behavior\ReadHtmlCacheBehavior [ RunTime:0.000469s ]
INFO: [ app_begin ] --END-- [ RunTime:0.000844s ]
ERR: 无法加载控制器:Email

[ 2017-10-03T18:26:41+08:00 ] 127.0.0.1 /zhangkunPHP/index.php/Admin/Email/getCount.html
INFO: [ app_begin ] --START--
INFO: Run Behavior\ReadHtmlCacheBehavior [ RunTime:0.000911s ]
INFO: [ app_begin ] --END-- [ RunTime:0.001775s ]
ERR: 无法加载控制器:Email

[ 2017-10-03T18:26:44+08:00 ] 127.0.0.1 /zhangkunPHP/index.php/Admin/Email/getCount.html
INFO: [ app_begin ] --START--
INFO: Run Behavior\ReadHtmlCacheBehavior [ RunTime:0.000878s ]
INFO: [ app_begin ] --END-- [ RunTime:0.001541s ]
ERR: 无法加载控制器:Email

[ 2017-10-03T18:26:47+08:00 ] 127.0.0.1 /zhangkunPHP/index.php/Admin/Email/getCount.html
INFO: [ app_begin ] --START--
INFO: Run Behavior\ReadHtmlCacheBehavior [ RunTime:0.000583s ]
INFO: [ app_begin ] --END-- [ RunTime:0.000915s ]
ERR: 无法加载控制器:Email

[ 2017-10-03T18:26:50+08:00 ] 127.0.0.1 /zhangkunPHP/index.php/Admin/Email/getCount.html
INFO: [ app_begin ] --START--
INFO: Run Behavior\ReadHtmlCacheBehavior [ RunTime:0.000510s ]
INFO: [ app_begin ] --END-- [ RunTime:0.000896s ]
ERR: 无法加载控制器:Email

[ 2017-10-03T18:26:53+08:00 ] 127.0.0.1 /zhangkunPHP/index.php/Admin/Email/getCount.html
INFO: [ app_begin ] --START--
INFO: Run Behavior\ReadHtmlCacheBehavior [ RunTime:0.000509s ]
INFO: [ app_begin ] --END-- [ RunTime:0.000843s ]
ERR: 无法加载控制器:Email

[ 2017-10-03T18:26:56+08:00 ] 127.0.0.1 /zhangkunPHP/index.php/Admin/Email/getCount.html
INFO: [ app_begin ] --START--
INFO: Run Behavior\ReadHtmlCacheBehavior [ RunTime:0.000625s ]
INFO: [ app_begin ] --END-- [ RunTime:0.001043s ]
ERR: 无法加载控制器:Email

[ 2017-10-03T18:26:59+08:00 ] 127.0.0.1 /zhangkunPHP/index.php/Admin/Email/getCount.html
INFO: [ app_begin ] --START--
INFO: Run Behavior\ReadHtmlCacheBehavior [ RunTime:0.000513s ]
INFO: [ app_begin ] --END-- [ RunTime:0.000833s ]
ERR: 无法加载控制器:Email

[ 2017-10-03T18:27:02+08:00 ] 127.0.0.1 /zhangkunPHP/index.php/Admin/Email/getCount.html
INFO: [ app_begin ] --START--
INFO: Run Behavior\ReadHtmlCacheBehavior [ RunTime:0.000513s ]
INFO: [ app_begin ] --END-- [ RunTime:0.000873s ]
ERR: 无法加载控制器:Email

[ 2017-10-03T18:27:05+08:00 ] 127.0.0.1 /zhangkunPHP/index.php/Admin/Email/getCount.html
INFO: [ app_begin ] --START--
INFO: Run Behavior\ReadHtmlCacheBehavior [ RunTime:0.000937s ]
INFO: [ app_begin ] --END-- [ RunTime:0.001635s ]
ERR: 无法加载控制器:Email

[ 2017-10-03T18:27:08+08:00 ] 127.0.0.1 /zhangkunPHP/index.php/Admin/Email/getCount.html
INFO: [ app_begin ] --START--
INFO: Run Behavior\ReadHtmlCacheBehavior [ RunTime:0.000474s ]
INFO: [ app_begin ] --END-- [ RunTime:0.000895s ]
ERR: 无法加载控制器:Email

[ 2017-10-03T18:27:11+08:00 ] 127.0.0.1 /zhangkunPHP/index.php/Admin/Email/getCount.html
INFO: [ app_begin ] --START--
INFO: Run Behavior\ReadHtmlCacheBehavior [ RunTime:0.001061s ]
INFO: [ app_begin ] --END-- [ RunTime:0.001836s ]
ERR: 无法加载控制器:Email

[ 2017-10-03T18:27:14+08:00 ] 127.0.0.1 /zhangkunPHP/index.php/Admin/Email/getCount.html
INFO: [ app_begin ] --START--
INFO: Run Behavior\ReadHtmlCacheBehavior [ RunTime:0.001355s ]
INFO: [ app_begin ] --END-- [ RunTime:0.002363s ]
ERR: 无法加载控制器:Email

[ 2017-10-03T18:27:17+08:00 ] 127.0.0.1 /zhangkunPHP/index.php/Admin/Email/getCount.html
INFO: [ app_begin ] --START--
INFO: Run Behavior\ReadHtmlCacheBehavior [ RunTime:0.001360s ]
INFO: [ app_begin ] --END-- [ RunTime:0.002243s ]
ERR: 无法加载控制器:Email

[ 2017-10-03T18:27:20+08:00 ] 127.0.0.1 /zhangkunPHP/index.php/Admin/Email/getCount.html
INFO: [ app_begin ] --START--
INFO: Run Behavior\ReadHtmlCacheBehavior [ RunTime:0.001204s ]
INFO: [ app_begin ] --END-- [ RunTime:0.002413s ]
ERR: 无法加载控制器:Email

[ 2017-10-03T18:27:23+08:00 ] 127.0.0.1 /zhangkunPHP/index.php/Admin/Email/getCount.html
INFO: [ app_begin ] --START--
INFO: Run Behavior\ReadHtmlCacheBehavior [ RunTime:0.000544s ]
INFO: [ app_begin ] --END-- [ RunTime:0.001062s ]
ERR: 无法加载控制器:Email

[ 2017-10-03T18:27:26+08:00 ] 127.0.0.1 /zhangkunPHP/index.php/Admin/Email/getCount.html
INFO: [ app_begin ] --START--
INFO: Run Behavior\ReadHtmlCacheBehavior [ RunTime:0.000596s ]
INFO: [ app_begin ] --END-- [ RunTime:0.000989s ]
ERR: 无法加载控制器:Email

[ 2017-10-03T18:27:29+08:00 ] 127.0.0.1 /zhangkunPHP/index.php/Admin/Email/getCount.html
INFO: [ app_begin ] --START--
INFO: Run Behavior\ReadHtmlCacheBehavior [ RunTime:0.000640s ]
INFO: [ app_begin ] --END-- [ RunTime:0.001036s ]
ERR: 无法加载控制器:Email

[ 2017-10-03T18:27:32+08:00 ] 127.0.0.1 /zhangkunPHP/index.php/Admin/Email/getCount.html
INFO: [ app_begin ] --START--
INFO: Run Behavior\ReadHtmlCacheBehavior [ RunTime:0.000750s ]
INFO: [ app_begin ] --END-- [ RunTime:0.001285s ]
ERR: 无法加载控制器:Email

[ 2017-10-03T18:27:35+08:00 ] 127.0.0.1 /zhangkunPHP/index.php/Admin/Email/getCount.html
INFO: [ app_begin ] --START--
INFO: Run Behavior\ReadHtmlCacheBehavior [ RunTime:0.000601s ]
INFO: [ app_begin ] --END-- [ RunTime:0.000976s ]
ERR: 无法加载控制器:Email

[ 2017-10-03T18:27:38+08:00 ] 127.0.0.1 /zhangkunPHP/index.php/Admin/Email/getCount.html
INFO: [ app_begin ] --START--
INFO: Run Behavior\ReadHtmlCacheBehavior [ RunTime:0.000564s ]
INFO: [ app_begin ] --END-- [ RunTime:0.000959s ]
ERR: 无法加载控制器:Email

[ 2017-10-03T18:27:41+08:00 ] 127.0.0.1 /zhangkunPHP/index.php/Admin/Email/getCount.html
INFO: [ app_begin ] --START--
INFO: Run Behavior\ReadHtmlCacheBehavior [ RunTime:0.000492s ]
INFO: [ app_begin ] --END-- [ RunTime:0.000828s ]
ERR: 无法加载控制器:Email

[ 2017-10-03T18:27:44+08:00 ] 127.0.0.1 /zhangkunPHP/index.php/Admin/Email/getCount.html
INFO: [ app_begin ] --START--
INFO: Run Behavior\ReadHtmlCacheBehavior [ RunTime:0.000773s ]
INFO: [ app_begin ] --END-- [ RunTime:0.001277s ]
ERR: 无法加载控制器:Email

[ 2017-10-03T18:27:47+08:00 ] 127.0.0.1 /zhangkunPHP/index.php/Admin/Email/getCount.html
INFO: [ app_begin ] --START--
INFO: Run Behavior\ReadHtmlCacheBehavior [ RunTime:0.000528s ]
INFO: [ app_begin ] --END-- [ RunTime:0.000863s ]
ERR: 无法加载控制器:Email

[ 2017-10-03T18:27:50+08:00 ] 127.0.0.1 /zhangkunPHP/index.php/Admin/Email/getCount.html
INFO: [ app_begin ] --START--
INFO: Run Behavior\ReadHtmlCacheBehavior [ RunTime:0.000888s ]
INFO: [ app_begin ] --END-- [ RunTime:0.001677s ]
ERR: 无法加载控制器:Email

[ 2017-10-03T18:27:53+08:00 ] 127.0.0.1 /zhangkunPHP/index.php/Admin/Email/getCount.html
INFO: [ app_begin ] --START--
INFO: Run Behavior\ReadHtmlCacheBehavior [ RunTime:0.000523s ]
INFO: [ app_begin ] --END-- [ RunTime:0.000930s ]
ERR: 无法加载控制器:Email

[ 2017-10-03T18:27:56+08:00 ] 127.0.0.1 /zhangkunPHP/index.php/Admin/Email/getCount.html
INFO: [ app_begin ] --START--
INFO: Run Behavior\ReadHtmlCacheBehavior [ RunTime:0.000473s ]
INFO: [ app_begin ] --END-- [ RunTime:0.000891s ]
ERR: 无法加载控制器:Email

[ 2017-10-03T18:27:59+08:00 ] 127.0.0.1 /zhangkunPHP/index.php/Admin/Email/getCount.html
INFO: [ app_begin ] --START--
INFO: Run Behavior\ReadHtmlCacheBehavior [ RunTime:0.000527s ]
INFO: [ app_begin ] --END-- [ RunTime:0.000886s ]
ERR: 无法加载控制器:Email

[ 2017-10-03T18:28:02+08:00 ] 127.0.0.1 /zhangkunPHP/index.php/Admin/Email/getCount.html
INFO: [ app_begin ] --START--
INFO: Run Behavior\ReadHtmlCacheBehavior [ RunTime:0.002264s ]
INFO: [ app_begin ] --END-- [ RunTime:0.003378s ]
ERR: 无法加载控制器:Email

[ 2017-10-03T18:28:05+08:00 ] 127.0.0.1 /zhangkunPHP/index.php/Admin/Email/getCount.html
INFO: [ app_begin ] --START--
INFO: Run Behavior\ReadHtmlCacheBehavior [ RunTime:0.000502s ]
INFO: [ app_begin ] --END-- [ RunTime:0.000939s ]
ERR: 无法加载控制器:Email

[ 2017-10-03T18:28:08+08:00 ] 127.0.0.1 /zhangkunPHP/index.php/Admin/Email/getCount.html
INFO: [ app_begin ] --START--
INFO: Run Behavior\ReadHtmlCacheBehavior [ RunTime:0.001103s ]
INFO: [ app_begin ] --END-- [ RunTime:0.001866s ]
ERR: 无法加载控制器:Email

[ 2017-10-03T18:28:11+08:00 ] 127.0.0.1 /zhangkunPHP/index.php/Admin/Email/getCount.html
INFO: [ app_begin ] --START--
INFO: Run Behavior\ReadHtmlCacheBehavior [ RunTime:0.000510s ]
INFO: [ app_begin ] --END-- [ RunTime:0.000867s ]
ERR: 无法加载控制器:Email

[ 2017-10-03T18:28:14+08:00 ] 127.0.0.1 /zhangkunPHP/index.php/Admin/Email/getCount.html
INFO: [ app_begin ] --START--
INFO: Run Behavior\ReadHtmlCacheBehavior [ RunTime:0.000919s ]
INFO: [ app_begin ] --END-- [ RunTime:0.001540s ]
ERR: 无法加载控制器:Email

[ 2017-10-03T18:28:17+08:00 ] 127.0.0.1 /zhangkunPHP/index.php/Admin/Email/getCount.html
INFO: [ app_begin ] --START--
INFO: Run Behavior\ReadHtmlCacheBehavior [ RunTime:0.000815s ]
INFO: [ app_begin ] --END-- [ RunTime:0.001359s ]
ERR: 无法加载控制器:Email

[ 2017-10-03T18:28:20+08:00 ] 127.0.0.1 /zhangkunPHP/index.php/Admin/Email/getCount.html
INFO: [ app_begin ] --START--
INFO: Run Behavior\ReadHtmlCacheBehavior [ RunTime:0.000472s ]
INFO: [ app_begin ] --END-- [ RunTime:0.000802s ]
ERR: 无法加载控制器:Email

[ 2017-10-03T18:28:23+08:00 ] 127.0.0.1 /zhangkunPHP/index.php/Admin/Email/getCount.html
INFO: [ app_begin ] --START--
INFO: Run Behavior\ReadHtmlCacheBehavior [ RunTime:0.000519s ]
INFO: [ app_begin ] --END-- [ RunTime:0.000866s ]
ERR: 无法加载控制器:Email

[ 2017-10-03T18:28:26+08:00 ] 127.0.0.1 /zhangkunPHP/index.php/Admin/Email/getCount.html
INFO: [ app_begin ] --START--
INFO: Run Behavior\ReadHtmlCacheBehavior [ RunTime:0.000547s ]
INFO: [ app_begin ] --END-- [ RunTime:0.000952s ]
ERR: 无法加载控制器:Email

[ 2017-10-03T18:28:29+08:00 ] 127.0.0.1 /zhangkunPHP/index.php/Admin/Email/getCount.html
INFO: [ app_begin ] --START--
INFO: Run Behavior\ReadHtmlCacheBehavior [ RunTime:0.001092s ]
INFO: [ app_begin ] --END-- [ RunTime:0.001805s ]
ERR: 无法加载控制器:Email

[ 2017-10-03T18:28:32+08:00 ] 127.0.0.1 /zhangkunPHP/index.php/Admin/Email/getCount.html
INFO: [ app_begin ] --START--
INFO: Run Behavior\ReadHtmlCacheBehavior [ RunTime:0.000526s ]
INFO: [ app_begin ] --END-- [ RunTime:0.000890s ]
ERR: 无法加载控制器:Email

[ 2017-10-03T18:28:35+08:00 ] 127.0.0.1 /zhangkunPHP/index.php/Admin/Email/getCount.html
INFO: [ app_begin ] --START--
INFO: Run Behavior\ReadHtmlCacheBehavior [ RunTime:0.001329s ]
INFO: [ app_begin ] --END-- [ RunTime:0.002213s ]
ERR: 无法加载控制器:Email

[ 2017-10-03T18:28:38+08:00 ] 127.0.0.1 /zhangkunPHP/index.php/Admin/Email/getCount.html
INFO: [ app_begin ] --START--
INFO: Run Behavior\ReadHtmlCacheBehavior [ RunTime:0.001368s ]
INFO: [ app_begin ] --END-- [ RunTime:0.002273s ]
ERR: 无法加载控制器:Email

[ 2017-10-03T18:28:41+08:00 ] 127.0.0.1 /zhangkunPHP/index.php/Admin/Email/getCount.html
INFO: [ app_begin ] --START--
INFO: Run Behavior\ReadHtmlCacheBehavior [ RunTime:0.000868s ]
INFO: [ app_begin ] --END-- [ RunTime:0.001498s ]
ERR: 无法加载控制器:Email

[ 2017-10-03T18:28:44+08:00 ] 127.0.0.1 /zhangkunPHP/index.php/Admin/Email/getCount.html
INFO: [ app_begin ] --START--
INFO: Run Behavior\ReadHtmlCacheBehavior [ RunTime:0.000548s ]
INFO: [ app_begin ] --END-- [ RunTime:0.000932s ]
ERR: 无法加载控制器:Email

[ 2017-10-03T18:28:47+08:00 ] 127.0.0.1 /zhangkunPHP/index.php/Admin/Email/getCount.html
INFO: [ app_begin ] --START--
INFO: Run Behavior\ReadHtmlCacheBehavior [ RunTime:0.000520s ]
INFO: [ app_begin ] --END-- [ RunTime:0.000829s ]
ERR: 无法加载控制器:Email

[ 2017-10-03T18:28:50+08:00 ] 127.0.0.1 /zhangkunPHP/index.php/Admin/Email/getCount.html
INFO: [ app_begin ] --START--
INFO: Run Behavior\ReadHtmlCacheBehavior [ RunTime:0.000542s ]
INFO: [ app_begin ] --END-- [ RunTime:0.000918s ]
ERR: 无法加载控制器:Email

[ 2017-10-03T18:28:53+08:00 ] 127.0.0.1 /zhangkunPHP/index.php/Admin/Email/getCount.html
INFO: [ app_begin ] --START--
INFO: Run Behavior\ReadHtmlCacheBehavior [ RunTime:0.000962s ]
INFO: [ app_begin ] --END-- [ RunTime:0.001621s ]
ERR: 无法加载控制器:Email

[ 2017-10-03T18:28:56+08:00 ] 127.0.0.1 /zhangkunPHP/index.php/Admin/Email/getCount.html
INFO: [ app_begin ] --START--
INFO: Run Behavior\ReadHtmlCacheBehavior [ RunTime:0.000486s ]
INFO: [ app_begin ] --END-- [ RunTime:0.000831s ]
ERR: 无法加载控制器:Email

[ 2017-10-03T18:28:59+08:00 ] 127.0.0.1 /zhangkunPHP/index.php/Admin/Email/getCount.html
INFO: [ app_begin ] --START--
INFO: Run Behavior\ReadHtmlCacheBehavior [ RunTime:0.000822s ]
INFO: [ app_begin ] --END-- [ RunTime:0.001410s ]
ERR: 无法加载控制器:Email

[ 2017-10-03T18:29:02+08:00 ] 127.0.0.1 /zhangkunPHP/index.php/Admin/Email/getCount.html
INFO: [ app_begin ] --START--
INFO: Run Behavior\ReadHtmlCacheBehavior [ RunTime:0.000609s ]
INFO: [ app_begin ] --END-- [ RunTime:0.001038s ]
ERR: 无法加载控制器:Email

[ 2017-10-03T18:29:05+08:00 ] 127.0.0.1 /zhangkunPHP/index.php/Admin/Email/getCount.html
INFO: [ app_begin ] --START--
INFO: Run Behavior\ReadHtmlCacheBehavior [ RunTime:0.001038s ]
INFO: [ app_begin ] --END-- [ RunTime:0.002182s ]
ERR: 无法加载控制器:Email

[ 2017-10-03T18:29:08+08:00 ] 127.0.0.1 /zhangkunPHP/index.php/Admin/Email/getCount.html
INFO: [ app_begin ] --START--
INFO: Run Behavior\ReadHtmlCacheBehavior [ RunTime:0.000745s ]
INFO: [ app_begin ] --END-- [ RunTime:0.001311s ]
ERR: 无法加载控制器:Email

[ 2017-10-03T18:29:11+08:00 ] 127.0.0.1 /zhangkunPHP/index.php/Admin/Email/getCount.html
INFO: [ app_begin ] --START--
INFO: Run Behavior\ReadHtmlCacheBehavior [ RunTime:0.001325s ]
INFO: [ app_begin ] --END-- [ RunTime:0.002129s ]
ERR: 无法加载控制器:Email

[ 2017-10-03T18:29:14+08:00 ] 127.0.0.1 /zhangkunPHP/index.php/Admin/Email/getCount.html
INFO: [ app_begin ] --START--
INFO: Run Behavior\ReadHtmlCacheBehavior [ RunTime:0.000465s ]
INFO: [ app_begin ] --END-- [ RunTime:0.000835s ]
ERR: 无法加载控制器:Email

[ 2017-10-03T18:29:17+08:00 ] 127.0.0.1 /zhangkunPHP/index.php/Admin/Email/getCount.html
INFO: [ app_begin ] --START--
INFO: Run Behavior\ReadHtmlCacheBehavior [ RunTime:0.001252s ]
INFO: [ app_begin ] --END-- [ RunTime:0.001837s ]
ERR: 无法加载控制器:Email

[ 2017-10-03T18:29:20+08:00 ] 127.0.0.1 /zhangkunPHP/index.php/Admin/Email/getCount.html
INFO: [ app_begin ] --START--
INFO: Run Behavior\ReadHtmlCacheBehavior [ RunTime:0.000871s ]
INFO: [ app_begin ] --END-- [ RunTime:0.001642s ]
ERR: 无法加载控制器:Email

[ 2017-10-03T18:29:23+08:00 ] 127.0.0.1 /zhangkunPHP/index.php/Admin/Email/getCount.html
INFO: [ app_begin ] --START--
INFO: Run Behavior\ReadHtmlCacheBehavior [ RunTime:0.000527s ]
INFO: [ app_begin ] --END-- [ RunTime:0.000886s ]
ERR: 无法加载控制器:Email

[ 2017-10-03T18:29:26+08:00 ] 127.0.0.1 /zhangkunPHP/index.php/Admin/Email/getCount.html
INFO: [ app_begin ] --START--
INFO: Run Behavior\ReadHtmlCacheBehavior [ RunTime:0.000628s ]
INFO: [ app_begin ] --END-- [ RunTime:0.001045s ]
ERR: 无法加载控制器:Email

[ 2017-10-03T18:29:29+08:00 ] 127.0.0.1 /zhangkunPHP/index.php/Admin/Email/getCount.html
INFO: [ app_begin ] --START--
INFO: Run Behavior\ReadHtmlCacheBehavior [ RunTime:0.000474s ]
INFO: [ app_begin ] --END-- [ RunTime:0.000810s ]
ERR: 无法加载控制器:Email

[ 2017-10-03T18:29:32+08:00 ] 127.0.0.1 /zhangkunPHP/index.php/Admin/Email/getCount.html
INFO: [ app_begin ] --START--
INFO: Run Behavior\ReadHtmlCacheBehavior [ RunTime:0.001160s ]
INFO: [ app_begin ] --END-- [ RunTime:0.002028s ]
ERR: 无法加载控制器:Email

[ 2017-10-03T18:29:35+08:00 ] 127.0.0.1 /zhangkunPHP/index.php/Admin/Email/getCount.html
INFO: [ app_begin ] --START--
INFO: Run Behavior\ReadHtmlCacheBehavior [ RunTime:0.000747s ]
INFO: [ app_begin ] --END-- [ RunTime:0.001241s ]
ERR: 无法加载控制器:Email

[ 2017-10-03T18:29:38+08:00 ] 127.0.0.1 /zhangkunPHP/index.php/Admin/Email/getCount.html
INFO: [ app_begin ] --START--
INFO: Run Behavior\ReadHtmlCacheBehavior [ RunTime:0.000810s ]
INFO: [ app_begin ] --END-- [ RunTime:0.001141s ]
ERR: 无法加载控制器:Email

[ 2017-10-03T18:29:41+08:00 ] 127.0.0.1 /zhangkunPHP/index.php/Admin/Email/getCount.html
INFO: [ app_begin ] --START--
INFO: Run Behavior\ReadHtmlCacheBehavior [ RunTime:0.000511s ]
INFO: [ app_begin ] --END-- [ RunTime:0.000818s ]
ERR: 无法加载控制器:Email

[ 2017-10-03T18:29:44+08:00 ] 127.0.0.1 /zhangkunPHP/index.php/Admin/Email/getCount.html
INFO: [ app_begin ] --START--
INFO: Run Behavior\ReadHtmlCacheBehavior [ RunTime:0.002821s ]
INFO: [ app_begin ] --END-- [ RunTime:0.004882s ]
ERR: 无法加载控制器:Email

[ 2017-10-03T18:29:47+08:00 ] 127.0.0.1 /zhangkunPHP/index.php/Admin/Email/getCount.html
INFO: [ app_begin ] --START--
INFO: Run Behavior\ReadHtmlCacheBehavior [ RunTime:0.000743s ]
INFO: [ app_begin ] --END-- [ RunTime:0.001346s ]
ERR: 无法加载控制器:Email

[ 2017-10-03T18:29:50+08:00 ] 127.0.0.1 /zhangkunPHP/index.php/Admin/Email/getCount.html
INFO: [ app_begin ] --START--
INFO: Run Behavior\ReadHtmlCacheBehavior [ RunTime:0.000483s ]
INFO: [ app_begin ] --END-- [ RunTime:0.000826s ]
ERR: 无法加载控制器:Email

[ 2017-10-03T18:29:53+08:00 ] 127.0.0.1 /zhangkunPHP/index.php/Admin/Email/getCount.html
INFO: [ app_begin ] --START--
INFO: Run Behavior\ReadHtmlCacheBehavior [ RunTime:0.001223s ]
INFO: [ app_begin ] --END-- [ RunTime:0.002855s ]
ERR: 无法加载控制器:Email

[ 2017-10-03T18:29:56+08:00 ] 127.0.0.1 /zhangkunPHP/index.php/Admin/Email/getCount.html
INFO: [ app_begin ] --START--
INFO: Run Behavior\ReadHtmlCacheBehavior [ RunTime:0.000815s ]
INFO: [ app_begin ] --END-- [ RunTime:0.001355s ]
ERR: 无法加载控制器:Email

[ 2017-10-03T18:29:59+08:00 ] 127.0.0.1 /zhangkunPHP/index.php/Admin/Email/getCount.html
INFO: [ app_begin ] --START--
INFO: Run Behavior\ReadHtmlCacheBehavior [ RunTime:0.000479s ]
INFO: [ app_begin ] --END-- [ RunTime:0.000796s ]
ERR: 无法加载控制器:Email

[ 2017-10-03T18:30:02+08:00 ] 127.0.0.1 /zhangkunPHP/index.php/Admin/Email/getCount.html
INFO: [ app_begin ] --START--
INFO: Run Behavior\ReadHtmlCacheBehavior [ RunTime:0.001023s ]
INFO: [ app_begin ] --END-- [ RunTime:0.001662s ]
ERR: 无法加载控制器:Email

[ 2017-10-03T18:30:05+08:00 ] 127.0.0.1 /zhangkunPHP/index.php/Admin/Email/getCount.html
INFO: [ app_begin ] --START--
INFO: Run Behavior\ReadHtmlCacheBehavior [ RunTime:0.000508s ]
INFO: [ app_begin ] --END-- [ RunTime:0.000825s ]
ERR: 无法加载控制器:Email

[ 2017-10-03T18:30:08+08:00 ] 127.0.0.1 /zhangkunPHP/index.php/Admin/Email/getCount.html
INFO: [ app_begin ] --START--
INFO: Run Behavior\ReadHtmlCacheBehavior [ RunTime:0.001014s ]
INFO: [ app_begin ] --END-- [ RunTime:0.001493s ]
ERR: 无法加载控制器:Email

[ 2017-10-03T18:30:11+08:00 ] 127.0.0.1 /zhangkunPHP/index.php/Admin/Email/getCount.html
INFO: [ app_begin ] --START--
INFO: Run Behavior\ReadHtmlCacheBehavior [ RunTime:0.000669s ]
INFO: [ app_begin ] --END-- [ RunTime:0.001194s ]
ERR: 无法加载控制器:Email

[ 2017-10-03T18:30:14+08:00 ] 127.0.0.1 /zhangkunPHP/index.php/Admin/Email/getCount.html
INFO: [ app_begin ] --START--
INFO: Run Behavior\ReadHtmlCacheBehavior [ RunTime:0.000763s ]
INFO: [ app_begin ] --END-- [ RunTime:0.001301s ]
ERR: 无法加载控制器:Email

[ 2017-10-03T18:30:17+08:00 ] 127.0.0.1 /zhangkunPHP/index.php/Admin/Email/getCount.html
INFO: [ app_begin ] --START--
INFO: Run Behavior\ReadHtmlCacheBehavior [ RunTime:0.000748s ]
INFO: [ app_begin ] --END-- [ RunTime:0.001339s ]
ERR: 无法加载控制器:Email

[ 2017-10-03T18:30:20+08:00 ] 127.0.0.1 /zhangkunPHP/index.php/Admin/Email/getCount.html
INFO: [ app_begin ] --START--
INFO: Run Behavior\ReadHtmlCacheBehavior [ RunTime:0.000781s ]
INFO: [ app_begin ] --END-- [ RunTime:0.001306s ]
ERR: 无法加载控制器:Email

[ 2017-10-03T18:30:23+08:00 ] 127.0.0.1 /zhangkunPHP/index.php/Admin/Email/getCount.html
INFO: [ app_begin ] --START--
INFO: Run Behavior\ReadHtmlCacheBehavior [ RunTime:0.000509s ]
INFO: [ app_begin ] --END-- [ RunTime:0.000824s ]
ERR: 无法加载控制器:Email

[ 2017-10-03T18:30:26+08:00 ] 127.0.0.1 /zhangkunPHP/index.php/Admin/Email/getCount.html
INFO: [ app_begin ] --START--
INFO: Run Behavior\ReadHtmlCacheBehavior [ RunTime:0.000787s ]
INFO: [ app_begin ] --END-- [ RunTime:0.001349s ]
ERR: 无法加载控制器:Email

[ 2017-10-03T18:30:29+08:00 ] 127.0.0.1 /zhangkunPHP/index.php/Admin/Email/getCount.html
INFO: [ app_begin ] --START--
INFO: Run Behavior\ReadHtmlCacheBehavior [ RunTime:0.000600s ]
INFO: [ app_begin ] --END-- [ RunTime:0.000922s ]
ERR: 无法加载控制器:Email

[ 2017-10-03T18:30:32+08:00 ] 127.0.0.1 /zhangkunPHP/index.php/Admin/Email/getCount.html
INFO: [ app_begin ] --START--
INFO: Run Behavior\ReadHtmlCacheBehavior [ RunTime:0.000938s ]
INFO: [ app_begin ] --END-- [ RunTime:0.001588s ]
ERR: 无法加载控制器:Email

[ 2017-10-03T18:30:35+08:00 ] 127.0.0.1 /zhangkunPHP/index.php/Admin/Email/getCount.html
INFO: [ app_begin ] --START--
INFO: Run Behavior\ReadHtmlCacheBehavior [ RunTime:0.000755s ]
INFO: [ app_begin ] --END-- [ RunTime:0.001334s ]
ERR: 无法加载控制器:Email

[ 2017-10-03T18:30:38+08:00 ] 127.0.0.1 /zhangkunPHP/index.php/Admin/Email/getCount.html
INFO: [ app_begin ] --START--
INFO: Run Behavior\ReadHtmlCacheBehavior [ RunTime:0.000758s ]
INFO: [ app_begin ] --END-- [ RunTime:0.001250s ]
ERR: 无法加载控制器:Email

[ 2017-10-03T18:30:41+08:00 ] 127.0.0.1 /zhangkunPHP/index.php/Admin/Email/getCount.html
INFO: [ app_begin ] --START--
INFO: Run Behavior\ReadHtmlCacheBehavior [ RunTime:0.000702s ]
INFO: [ app_begin ] --END-- [ RunTime:0.001159s ]
ERR: 无法加载控制器:Email

[ 2017-10-03T18:30:44+08:00 ] 127.0.0.1 /zhangkunPHP/index.php/Admin/Email/getCount.html
INFO: [ app_begin ] --START--
INFO: Run Behavior\ReadHtmlCacheBehavior [ RunTime:0.001280s ]
INFO: [ app_begin ] --END-- [ RunTime:0.002313s ]
ERR: 无法加载控制器:Email

[ 2017-10-03T18:30:47+08:00 ] 127.0.0.1 /zhangkunPHP/index.php/Admin/Email/getCount.html
INFO: [ app_begin ] --START--
INFO: Run Behavior\ReadHtmlCacheBehavior [ RunTime:0.000754s ]
INFO: [ app_begin ] --END-- [ RunTime:0.001333s ]
ERR: 无法加载控制器:Email

[ 2017-10-03T18:30:50+08:00 ] 127.0.0.1 /zhangkunPHP/index.php/Admin/Email/getCount.html
INFO: [ app_begin ] --START--
INFO: Run Behavior\ReadHtmlCacheBehavior [ RunTime:0.000519s ]
INFO: [ app_begin ] --END-- [ RunTime:0.000858s ]
ERR: 无法加载控制器:Email

[ 2017-10-03T18:30:53+08:00 ] 127.0.0.1 /zhangkunPHP/index.php/Admin/Email/getCount.html
INFO: [ app_begin ] --START--
INFO: Run Behavior\ReadHtmlCacheBehavior [ RunTime:0.000685s ]
INFO: [ app_begin ] --END-- [ RunTime:0.000997s ]
ERR: 无法加载控制器:Email

[ 2017-10-03T18:30:56+08:00 ] 127.0.0.1 /zhangkunPHP/index.php/Admin/Email/getCount.html
INFO: [ app_begin ] --START--
INFO: Run Behavior\ReadHtmlCacheBehavior [ RunTime:0.000529s ]
INFO: [ app_begin ] --END-- [ RunTime:0.000836s ]
ERR: 无法加载控制器:Email

[ 2017-10-03T18:30:59+08:00 ] 127.0.0.1 /zhangkunPHP/index.php/Admin/Email/getCount.html
INFO: [ app_begin ] --START--
INFO: Run Behavior\ReadHtmlCacheBehavior [ RunTime:0.000795s ]
INFO: [ app_begin ] --END-- [ RunTime:0.001426s ]
ERR: 无法加载控制器:Email

[ 2017-10-03T18:31:02+08:00 ] 127.0.0.1 /zhangkunPHP/index.php/Admin/Email/getCount.html
INFO: [ app_begin ] --START--
INFO: Run Behavior\ReadHtmlCacheBehavior [ RunTime:0.001138s ]
INFO: [ app_begin ] --END-- [ RunTime:0.001998s ]
ERR: 无法加载控制器:Email

[ 2017-10-03T18:31:05+08:00 ] 127.0.0.1 /zhangkunPHP/index.php/Admin/Email/getCount.html
INFO: [ app_begin ] --START--
INFO: Run Behavior\ReadHtmlCacheBehavior [ RunTime:0.002019s ]
INFO: [ app_begin ] --END-- [ RunTime:0.002869s ]
ERR: 无法加载控制器:Email

[ 2017-10-03T18:31:08+08:00 ] 127.0.0.1 /zhangkunPHP/index.php/Admin/Email/getCount.html
INFO: [ app_begin ] --START--
INFO: Run Behavior\ReadHtmlCacheBehavior [ RunTime:0.000736s ]
INFO: [ app_begin ] --END-- [ RunTime:0.001277s ]
ERR: 无法加载控制器:Email

[ 2017-10-03T18:31:11+08:00 ] 127.0.0.1 /zhangkunPHP/index.php/Admin/Email/getCount.html
INFO: [ app_begin ] --START--
INFO: Run Behavior\ReadHtmlCacheBehavior [ RunTime:0.000516s ]
INFO: [ app_begin ] --END-- [ RunTime:0.000895s ]
ERR: 无法加载控制器:Email

[ 2017-10-03T18:31:14+08:00 ] 127.0.0.1 /zhangkunPHP/index.php/Admin/Email/getCount.html
INFO: [ app_begin ] --START--
INFO: Run Behavior\ReadHtmlCacheBehavior [ RunTime:0.000779s ]
INFO: [ app_begin ] --END-- [ RunTime:0.001298s ]
ERR: 无法加载控制器:Email

[ 2017-10-03T18:31:17+08:00 ] 127.0.0.1 /zhangkunPHP/index.php/Admin/Email/getCount.html
INFO: [ app_begin ] --START--
INFO: Run Behavior\ReadHtmlCacheBehavior [ RunTime:0.000713s ]
INFO: [ app_begin ] --END-- [ RunTime:0.001251s ]
ERR: 无法加载控制器:Email

[ 2017-10-03T18:31:20+08:00 ] 127.0.0.1 /zhangkunPHP/index.php/Admin/Email/getCount.html
INFO: [ app_begin ] --START--
INFO: Run Behavior\ReadHtmlCacheBehavior [ RunTime:0.001411s ]
INFO: [ app_begin ] --END-- [ RunTime:0.002834s ]
ERR: 无法加载控制器:Email

[ 2017-10-03T18:31:23+08:00 ] 127.0.0.1 /zhangkunPHP/index.php/Admin/Email/getCount.html
INFO: [ app_begin ] --START--
INFO: Run Behavior\ReadHtmlCacheBehavior [ RunTime:0.001975s ]
INFO: [ app_begin ] --END-- [ RunTime:0.003055s ]
ERR: 无法加载控制器:Email

[ 2017-10-03T18:31:26+08:00 ] 127.0.0.1 /zhangkunPHP/index.php/Admin/Email/getCount.html
INFO: [ app_begin ] --START--
INFO: Run Behavior\ReadHtmlCacheBehavior [ RunTime:0.000530s ]
INFO: [ app_begin ] --END-- [ RunTime:0.000995s ]
ERR: 无法加载控制器:Email

[ 2017-10-03T18:31:29+08:00 ] 127.0.0.1 /zhangkunPHP/index.php/Admin/Email/getCount.html
INFO: [ app_begin ] --START--
INFO: Run Behavior\ReadHtmlCacheBehavior [ RunTime:0.000885s ]
INFO: [ app_begin ] --END-- [ RunTime:0.001525s ]
ERR: 无法加载控制器:Email

[ 2017-10-03T18:31:32+08:00 ] 127.0.0.1 /zhangkunPHP/index.php/Admin/Email/getCount.html
INFO: [ app_begin ] --START--
INFO: Run Behavior\ReadHtmlCacheBehavior [ RunTime:0.000567s ]
INFO: [ app_begin ] --END-- [ RunTime:0.000966s ]
ERR: 无法加载控制器:Email

[ 2017-10-03T18:31:35+08:00 ] 127.0.0.1 /zhangkunPHP/index.php/Admin/Email/getCount.html
INFO: [ app_begin ] --START--
INFO: Run Behavior\ReadHtmlCacheBehavior [ RunTime:0.000959s ]
INFO: [ app_begin ] --END-- [ RunTime:0.001607s ]
ERR: 无法加载控制器:Email

[ 2017-10-03T18:31:38+08:00 ] 127.0.0.1 /zhangkunPHP/index.php/Admin/Email/getCount.html
INFO: [ app_begin ] --START--
INFO: Run Behavior\ReadHtmlCacheBehavior [ RunTime:0.000998s ]
INFO: [ app_begin ] --END-- [ RunTime:0.001647s ]
ERR: 无法加载控制器:Email

[ 2017-10-03T18:31:41+08:00 ] 127.0.0.1 /zhangkunPHP/index.php/Admin/Email/getCount.html
INFO: [ app_begin ] --START--
INFO: Run Behavior\ReadHtmlCacheBehavior [ RunTime:0.000545s ]
INFO: [ app_begin ] --END-- [ RunTime:0.000897s ]
ERR: 无法加载控制器:Email

[ 2017-10-03T18:31:44+08:00 ] 127.0.0.1 /zhangkunPHP/index.php/Admin/Email/getCount.html
INFO: [ app_begin ] --START--
INFO: Run Behavior\ReadHtmlCacheBehavior [ RunTime:0.000560s ]
INFO: [ app_begin ] --END-- [ RunTime:0.000995s ]
ERR: 无法加载控制器:Email

[ 2017-10-03T18:31:47+08:00 ] 127.0.0.1 /zhangkunPHP/index.php/Admin/Email/getCount.html
INFO: [ app_begin ] --START--
INFO: Run Behavior\ReadHtmlCacheBehavior [ RunTime:0.000580s ]
INFO: [ app_begin ] --END-- [ RunTime:0.000967s ]
ERR: 无法加载控制器:Email

[ 2017-10-03T18:31:50+08:00 ] 127.0.0.1 /zhangkunPHP/index.php/Admin/Email/getCount.html
INFO: [ app_begin ] --START--
INFO: Run Behavior\ReadHtmlCacheBehavior [ RunTime:0.000820s ]
INFO: [ app_begin ] --END-- [ RunTime:0.001423s ]
ERR: 无法加载控制器:Email

[ 2017-10-03T18:31:53+08:00 ] 127.0.0.1 /zhangkunPHP/index.php/Admin/Email/getCount.html
INFO: [ app_begin ] --START--
INFO: Run Behavior\ReadHtmlCacheBehavior [ RunTime:0.000838s ]
INFO: [ app_begin ] --END-- [ RunTime:0.001322s ]
ERR: 无法加载控制器:Email

[ 2017-10-03T18:31:56+08:00 ] 127.0.0.1 /zhangkunPHP/index.php/Admin/Email/getCount.html
INFO: [ app_begin ] --START--
INFO: Run Behavior\ReadHtmlCacheBehavior [ RunTime:0.000525s ]
INFO: [ app_begin ] --END-- [ RunTime:0.000895s ]
ERR: 无法加载控制器:Email

[ 2017-10-03T18:31:59+08:00 ] 127.0.0.1 /zhangkunPHP/index.php/Admin/Email/getCount.html
INFO: [ app_begin ] --START--
INFO: Run Behavior\ReadHtmlCacheBehavior [ RunTime:0.000821s ]
INFO: [ app_begin ] --END-- [ RunTime:0.001382s ]
ERR: 无法加载控制器:Email

[ 2017-10-03T18:32:02+08:00 ] 127.0.0.1 /zhangkunPHP/index.php/Admin/Email/getCount.html
INFO: [ app_begin ] --START--
INFO: Run Behavior\ReadHtmlCacheBehavior [ RunTime:0.000930s ]
INFO: [ app_begin ] --END-- [ RunTime:0.001502s ]
ERR: 无法加载控制器:Email

[ 2017-10-03T18:32:05+08:00 ] 127.0.0.1 /zhangkunPHP/index.php/Admin/Email/getCount.html
INFO: [ app_begin ] --START--
INFO: Run Behavior\ReadHtmlCacheBehavior [ RunTime:0.000716s ]
INFO: [ app_begin ] --END-- [ RunTime:0.001198s ]
ERR: 无法加载控制器:Email

[ 2017-10-03T18:32:08+08:00 ] 127.0.0.1 /zhangkunPHP/index.php/Admin/Email/getCount.html
INFO: [ app_begin ] --START--
INFO: Run Behavior\ReadHtmlCacheBehavior [ RunTime:0.000768s ]
INFO: [ app_begin ] --END-- [ RunTime:0.001273s ]
ERR: 无法加载控制器:Email

[ 2017-10-03T18:32:11+08:00 ] 127.0.0.1 /zhangkunPHP/index.php/Admin/Email/getCount.html
INFO: [ app_begin ] --START--
INFO: Run Behavior\ReadHtmlCacheBehavior [ RunTime:0.000466s ]
INFO: [ app_begin ] --END-- [ RunTime:0.000816s ]
ERR: 无法加载控制器:Email

[ 2017-10-03T18:32:14+08:00 ] 127.0.0.1 /zhangkunPHP/index.php/Admin/Email/getCount.html
INFO: [ app_begin ] --START--
INFO: Run Behavior\ReadHtmlCacheBehavior [ RunTime:0.000631s ]
INFO: [ app_begin ] --END-- [ RunTime:0.001067s ]
ERR: 无法加载控制器:Email

[ 2017-10-03T18:32:17+08:00 ] 127.0.0.1 /zhangkunPHP/index.php/Admin/Email/getCount.html
INFO: [ app_begin ] --START--
INFO: Run Behavior\ReadHtmlCacheBehavior [ RunTime:0.000504s ]
INFO: [ app_begin ] --END-- [ RunTime:0.000876s ]
ERR: 无法加载控制器:Email

[ 2017-10-03T18:32:20+08:00 ] 127.0.0.1 /zhangkunPHP/index.php/Admin/Email/getCount.html
INFO: [ app_begin ] --START--
INFO: Run Behavior\ReadHtmlCacheBehavior [ RunTime:0.000812s ]
INFO: [ app_begin ] --END-- [ RunTime:0.001349s ]
ERR: 无法加载控制器:Email

[ 2017-10-03T18:32:23+08:00 ] 127.0.0.1 /zhangkunPHP/index.php/Admin/Email/getCount.html
INFO: [ app_begin ] --START--
INFO: Run Behavior\ReadHtmlCacheBehavior [ RunTime:0.000670s ]
INFO: [ app_begin ] --END-- [ RunTime:0.001186s ]
ERR: 无法加载控制器:Email

[ 2017-10-03T18:32:26+08:00 ] 127.0.0.1 /zhangkunPHP/index.php/Admin/Email/getCount.html
INFO: [ app_begin ] --START--
INFO: Run Behavior\ReadHtmlCacheBehavior [ RunTime:0.000859s ]
INFO: [ app_begin ] --END-- [ RunTime:0.001328s ]
ERR: 无法加载控制器:Email

[ 2017-10-03T18:32:29+08:00 ] 127.0.0.1 /zhangkunPHP/index.php/Admin/Email/getCount.html
INFO: [ app_begin ] --START--
INFO: Run Behavior\ReadHtmlCacheBehavior [ RunTime:0.000547s ]
INFO: [ app_begin ] --END-- [ RunTime:0.000968s ]
ERR: 无法加载控制器:Email

[ 2017-10-03T18:32:32+08:00 ] 127.0.0.1 /zhangkunPHP/index.php/Admin/Email/getCount.html
INFO: [ app_begin ] --START--
INFO: Run Behavior\ReadHtmlCacheBehavior [ RunTime:0.001404s ]
INFO: [ app_begin ] --END-- [ RunTime:0.002271s ]
ERR: 无法加载控制器:Email

[ 2017-10-03T18:32:35+08:00 ] 127.0.0.1 /zhangkunPHP/index.php/Admin/Email/getCount.html
INFO: [ app_begin ] --START--
INFO: Run Behavior\ReadHtmlCacheBehavior [ RunTime:0.003933s ]
INFO: [ app_begin ] --END-- [ RunTime:0.005946s ]
ERR: 无法加载控制器:Email

[ 2017-10-03T18:32:38+08:00 ] 127.0.0.1 /zhangkunPHP/index.php/Admin/Email/getCount.html
INFO: [ app_begin ] --START--
INFO: Run Behavior\ReadHtmlCacheBehavior [ RunTime:0.000960s ]
INFO: [ app_begin ] --END-- [ RunTime:0.001589s ]
ERR: 无法加载控制器:Email

[ 2017-10-03T18:32:41+08:00 ] 127.0.0.1 /zhangkunPHP/index.php/Admin/Email/getCount.html
INFO: [ app_begin ] --START--
INFO: Run Behavior\ReadHtmlCacheBehavior [ RunTime:0.001219s ]
INFO: [ app_begin ] --END-- [ RunTime:0.002111s ]
ERR: 无法加载控制器:Email

[ 2017-10-03T18:32:44+08:00 ] 127.0.0.1 /zhangkunPHP/index.php/Admin/Email/getCount.html
INFO: [ app_begin ] --START--
INFO: Run Behavior\ReadHtmlCacheBehavior [ RunTime:0.000979s ]
INFO: [ app_begin ] --END-- [ RunTime:0.001594s ]
ERR: 无法加载控制器:Email

[ 2017-10-03T18:32:47+08:00 ] 127.0.0.1 /zhangkunPHP/index.php/Admin/Email/getCount.html
INFO: [ app_begin ] --START--
INFO: Run Behavior\ReadHtmlCacheBehavior [ RunTime:0.002415s ]
INFO: [ app_begin ] --END-- [ RunTime:0.003806s ]
ERR: 无法加载控制器:Email

[ 2017-10-03T18:32:50+08:00 ] 127.0.0.1 /zhangkunPHP/index.php/Admin/Email/getCount.html
INFO: [ app_begin ] --START--
INFO: Run Behavior\ReadHtmlCacheBehavior [ RunTime:0.000692s ]
INFO: [ app_begin ] --END-- [ RunTime:0.001190s ]
ERR: 无法加载控制器:Email

[ 2017-10-03T18:32:53+08:00 ] 127.0.0.1 /zhangkunPHP/index.php/Admin/Email/getCount.html
INFO: [ app_begin ] --START--
INFO: Run Behavior\ReadHtmlCacheBehavior [ RunTime:0.000493s ]
INFO: [ app_begin ] --END-- [ RunTime:0.000837s ]
ERR: 无法加载控制器:Email

[ 2017-10-03T18:32:56+08:00 ] 127.0.0.1 /zhangkunPHP/index.php/Admin/Email/getCount.html
INFO: [ app_begin ] --START--
INFO: Run Behavior\ReadHtmlCacheBehavior [ RunTime:0.002029s ]
INFO: [ app_begin ] --END-- [ RunTime:0.003076s ]
ERR: 无法加载控制器:Email

[ 2017-10-03T18:32:59+08:00 ] 127.0.0.1 /zhangkunPHP/index.php/Admin/Email/getCount.html
INFO: [ app_begin ] --START--
INFO: Run Behavior\ReadHtmlCacheBehavior [ RunTime:0.000819s ]
INFO: [ app_begin ] --END-- [ RunTime:0.001378s ]
ERR: 无法加载控制器:Email

[ 2017-10-03T18:33:02+08:00 ] 127.0.0.1 /zhangkunPHP/index.php/Admin/Email/getCount.html
INFO: [ app_begin ] --START--
INFO: Run Behavior\ReadHtmlCacheBehavior [ RunTime:0.000490s ]
INFO: [ app_begin ] --END-- [ RunTime:0.000846s ]
ERR: 无法加载控制器:Email

[ 2017-10-03T18:33:05+08:00 ] 127.0.0.1 /zhangkunPHP/index.php/Admin/Email/getCount.html
INFO: [ app_begin ] --START--
INFO: Run Behavior\ReadHtmlCacheBehavior [ RunTime:0.001469s ]
INFO: [ app_begin ] --END-- [ RunTime:0.002330s ]
ERR: 无法加载控制器:Email

[ 2017-10-03T18:33:08+08:00 ] 127.0.0.1 /zhangkunPHP/index.php/Admin/Email/getCount.html
INFO: [ app_begin ] --START--
INFO: Run Behavior\ReadHtmlCacheBehavior [ RunTime:0.000869s ]
INFO: [ app_begin ] --END-- [ RunTime:0.001428s ]
ERR: 无法加载控制器:Email

[ 2017-10-03T18:33:11+08:00 ] 127.0.0.1 /zhangkunPHP/index.php/Admin/Email/getCount.html
INFO: [ app_begin ] --START--
INFO: Run Behavior\ReadHtmlCacheBehavior [ RunTime:0.000533s ]
INFO: [ app_begin ] --END-- [ RunTime:0.000838s ]
ERR: 无法加载控制器:Email

[ 2017-10-03T18:33:14+08:00 ] 127.0.0.1 /zhangkunPHP/index.php/Admin/Email/getCount.html
INFO: [ app_begin ] --START--
INFO: Run Behavior\ReadHtmlCacheBehavior [ RunTime:0.000645s ]
INFO: [ app_begin ] --END-- [ RunTime:0.001177s ]
ERR: 无法加载控制器:Email

[ 2017-10-03T18:33:17+08:00 ] 127.0.0.1 /zhangkunPHP/index.php/Admin/Email/getCount.html
INFO: [ app_begin ] --START--
INFO: Run Behavior\ReadHtmlCacheBehavior [ RunTime:0.001289s ]
INFO: [ app_begin ] --END-- [ RunTime:0.002149s ]
ERR: 无法加载控制器:Email

[ 2017-10-03T18:33:20+08:00 ] 127.0.0.1 /zhangkunPHP/index.php/Admin/Email/getCount.html
INFO: [ app_begin ] --START--
INFO: Run Behavior\ReadHtmlCacheBehavior [ RunTime:0.000780s ]
INFO: [ app_begin ] --END-- [ RunTime:0.001238s ]
ERR: 无法加载控制器:Email

